{"name":"enter_account","id":"lab6.features.search.BooksterStory:enter_account","testCaseName":"lab6.features.search.BooksterStory","testSteps":[{"number":1,"description":"Enter your account","duration":6615,"startTime":"2020-11-16T14:59:08.836677+02:00[Europe/Bucharest]","screenshots":[{"screenshot":"6f3e8e0cb12da6091cc533f8b6c4a3a3af9090d836552294651bad288c1edbcf.png","htmlSource":"pagesource9338114355883296516.html.txt","timeStamp":1605531555431}],"exception":{"errorType":"net.thucydides.core.webdriver.exceptions.ElementShouldBeEnabledException","message":"Expected enabled element was not enabled","stackTrace":[{"classLoaderName":"app","declaringClass":"lab6.pages.BooksterPage","methodName":"enterAccount","fileName":"BooksterPage.java","lineNumber":28,"format":1},{"classLoaderName":"app","declaringClass":"lab6.steps.serenity.EndUserSteps","methodName":"enterYourAccount","fileName":"EndUserSteps.java","lineNumber":23,"format":1},{"classLoaderName":"app","declaringClass":"lab6.features.search.BooksterStory","methodName":"enter_account","fileName":"BooksterStory.java","lineNumber":34,"format":1}],"rootCause":{"errorType":"org.openqa.selenium.TimeoutException","message":"Expected condition failed: waiting for BooksterPage.enterAccountButton to be enabled (tried for 5 second(s) with 100 milliseconds interval)","stackTrace":[{"classLoaderName":"app","declaringClass":"lab6.pages.BooksterPage","methodName":"enterAccount","fileName":"BooksterPage.java","lineNumber":28,"format":1},{"classLoaderName":"app","declaringClass":"lab6.steps.serenity.EndUserSteps","methodName":"enterYourAccount","fileName":"EndUserSteps.java","lineNumber":23,"format":1},{"classLoaderName":"app","declaringClass":"lab6.features.search.BooksterStory","methodName":"enter_account","fileName":"BooksterStory.java","lineNumber":34,"format":1}],"rootCause":{"errorType":"org.openqa.selenium.NoSuchElementException","message":"Timed out after 2 seconds. Element not found\nFor documentation on this error, please visit: https://www.seleniumhq.org/exceptions/no_such_element.html\nBuild info: version: \u00273.141.59\u0027, revision: \u0027e82be7d358\u0027, time: \u00272018-11-14T08:17:03\u0027\nSystem info: host: \u0027Ioanas-MacBook-Pro.local\u0027, ip: \u0027fe80:0:0:0:105d:8db4:99fb:37bf%en0\u0027, os.name: \u0027Mac OS X\u0027, os.arch: \u0027x86_64\u0027, os.version: \u002710.15.7\u0027, java.version: \u002715\u0027\nDriver info: driver.version: unknown","stackTrace":[{"classLoaderName":"app","declaringClass":"lab6.pages.BooksterPage","methodName":"enterAccount","fileName":"BooksterPage.java","lineNumber":28,"format":1},{"classLoaderName":"app","declaringClass":"lab6.steps.serenity.EndUserSteps","methodName":"enterYourAccount","fileName":"EndUserSteps.java","lineNumber":23,"format":1},{"classLoaderName":"app","declaringClass":"lab6.features.search.BooksterStory","methodName":"enter_account","fileName":"BooksterStory.java","lineNumber":34,"format":1}]}}},"result":"FAILURE","precondition":false,"level":0}],"userStory":{"id":"lab6.features.search.BooksterStory","storyName":"Bookster story","storyClassName":"lab6.features.search.BooksterStory","path":"search","type":"story"},"featureTag":{"name":"Search/Bookster story","type":"story","displayName":"Search/Bookster story"},"title":"Enter account","tags":[{"name":"Search/Bookster story","type":"story","displayName":"Bookster story"},{"name":"Search","type":"feature","displayName":"Search"},{"name":"Search","type":"capability","displayName":"Search for definitions"}],"startTime":"2020-11-16T14:59:08.262380+02:00[Europe/Bucharest]","duration":7227,"testFailureCause":{"errorType":"net.thucydides.core.webdriver.exceptions.ElementShouldBeEnabledException","message":"Expected enabled element was not enabled\nBuild info: version: \u00273.141.59\u0027, revision: \u0027e82be7d358\u0027, time: \u00272018-11-14T08:17:03\u0027\nSystem info: host: \u0027Ioanas-MacBook-Pro.local\u0027, ip: \u0027fe80:0:0:0:105d:8db4:99fb:37bf%en0\u0027, os.name: \u0027Mac OS X\u0027, os.arch: \u0027x86_64\u0027, os.version: \u002710.15.7\u0027, java.version: \u002715\u0027\nDriver info: driver.version: unknown","stackTrace":[{"classLoaderName":"app","declaringClass":"lab6.pages.BooksterPage","methodName":"enterAccount","fileName":"BooksterPage.java","lineNumber":28,"format":1},{"classLoaderName":"app","declaringClass":"lab6.steps.serenity.EndUserSteps","methodName":"enterYourAccount","fileName":"EndUserSteps.java","lineNumber":23,"format":1},{"classLoaderName":"app","declaringClass":"lab6.features.search.BooksterStory","methodName":"enter_account","fileName":"BooksterStory.java","lineNumber":34,"format":1}]},"testFailureClassname":"net.thucydides.core.webdriver.exceptions.ElementShouldBeEnabledException","testFailureMessage":"Expected enabled element was not enabled\nBuild info: version: \u00273.141.59\u0027, revision: \u0027e82be7d358\u0027, time: \u00272018-11-14T08:17:03\u0027\nSystem info: host: \u0027Ioanas-MacBook-Pro.local\u0027, ip: \u0027fe80:0:0:0:105d:8db4:99fb:37bf%en0\u0027, os.name: \u0027Mac OS X\u0027, os.arch: \u0027x86_64\u0027, os.version: \u002710.15.7\u0027, java.version: \u002715\u0027\nDriver info: driver.version: unknown","testFailureSummary":"FAILURE;net.thucydides.core.webdriver.exceptions.ElementShouldBeEnabledException;Expected enabled element was not enabled\nBuild info: version: \u00273.141.59\u0027, revision: \u0027e82be7d358\u0027, time: \u00272018-11-14T08:17:03\u0027\nSystem info: host: \u0027Ioanas-MacBook-Pro.local\u0027, ip: \u0027fe80:0:0:0:105d:8db4:99fb:37bf%en0\u0027, os.name: \u0027Mac OS X\u0027, os.arch: \u0027x86_64\u0027, os.version: \u002710.15.7\u0027, java.version: \u002715\u0027\nDriver info: driver.version: unknown;BooksterPage.java","projectKey":"","annotatedResult":"FAILURE","sessionId":"68930d00-6af8-7447-b450-252664982cf0","driver":"firefox","isManualTestingUpToDate":false,"manual":false,"testSource":"JUnit","result":"FAILURE"}